<?xml version="1.0" encoding="UTF-8"?>
<!-- Generated by org.testng.reporters.JUnitReportReporter -->
<testsuite skipped="0" hostname="nikonowiczm" name="pl.com.mikronika.mujobs.testcases.LoginPageTest" tests="3" failures="0" timestamp="27 maj 2020 07:52:04 GMT" time="21.346" errors="0">
  <testcase name="verifyPageLogoTest" time="3.023" classname="pl.com.mikronika.mujobs.testcases.LoginPageTest"/>
  <testcase name="verifyMainHeaderTest" time="4.725" classname="pl.com.mikronika.mujobs.testcases.LoginPageTest"/>
  <testcase name="loginTest" time="13.598" classname="pl.com.mikronika.mujobs.testcases.LoginPageTest"/>
</testsuite> <!-- pl.com.mikronika.mujobs.testcases.LoginPageTest -->
