<?xml version="1.0" encoding="UTF-8"?>
<!-- Generated by org.testng.reporters.JUnitReportReporter -->
<testsuite skipped="0" hostname="nikonowiczm" name="pl.com.mikronika.mujobs.testcases.UrzadzeniaPageTest" tests="4" failures="0" timestamp="27 maj 2020 07:52:04 GMT" time="67.486" errors="0">
  <testcase name="verifyPageHeaderTest" time="13.891" classname="pl.com.mikronika.mujobs.testcases.UrzadzeniaPageTest"/>
  <testcase name="clickSearchBtnAllTest" time="20.647" classname="pl.com.mikronika.mujobs.testcases.UrzadzeniaPageTest"/>
  <testcase name="clickSearchBtnWithTextTest" time="17.144" classname="pl.com.mikronika.mujobs.testcases.UrzadzeniaPageTest"/>
  <testcase name="clickAddNewBtnTest" time="15.804" classname="pl.com.mikronika.mujobs.testcases.UrzadzeniaPageTest"/>
</testsuite> <!-- pl.com.mikronika.mujobs.testcases.UrzadzeniaPageTest -->
