<?xml version="1.0" encoding="UTF-8"?>
<!-- Generated by org.testng.reporters.JUnitReportReporter -->
<testsuite skipped="0" hostname="nikonowiczm" name="pl.com.mikronika.mujobs.testcases.HomePageTest" tests="4" failures="0" timestamp="27 maj 2020 09:55:21 GMT" time="45.074" errors="0">
  <testcase name="verifyHomePageTitleTest" time="11.157" classname="pl.com.mikronika.mujobs.testcases.HomePageTest"/>
  <testcase name="verifyProjectLogoTest" time="11.051" classname="pl.com.mikronika.mujobs.testcases.HomePageTest"/>
  <testcase name="verifyMainTableMenuExistanceTest" time="11.170" classname="pl.com.mikronika.mujobs.testcases.HomePageTest"/>
  <testcase name="clickProdukcjaUrzadzeniaMenuLinkTest" time="11.696" classname="pl.com.mikronika.mujobs.testcases.HomePageTest"/>
</testsuite> <!-- pl.com.mikronika.mujobs.testcases.HomePageTest -->
